[0mCompiling "target/cljs/dev/mains/main.js" from ["ui-src"]...
notifying browser that file changed:  target/cljs/dev/goog/deps.js
notifying browser that file changed:  target/cljs/dev/cljs_deps.js
notifying browser that file changed:  out/todomvc/ui/app.js
[32mSuccessfully compiled "target/cljs/dev/mains/main.js" in 0.274 seconds.[0m
[0mCompiling "target/cljs/dev/mains/main.js" from ["ui-src"]...
notifying browser that file changed:  out/todomvc/ui/app.js
[32mSuccessfully compiled "target/cljs/dev/mains/main.js" in 0.201 seconds.[0m
[0mCompiling "target/cljs/dev/mains/main.js" from ["ui-src"]...
notifying browser that file changed:  target/cljs/dev/cljs_deps.js
notifying browser that file changed:  out/todomvc/ui/app.js
[32mSuccessfully compiled "target/cljs/dev/mains/main.js" in 0.157 seconds.[0m
[0mCompiling "target/cljs/dev/mains/main.js" from ["ui-src" "../../src"]...
WARNING: Use of undeclared Var oak.core/ctx at line 32 ../../src/oak/core.cljs
WARNING: Use of undeclared Var oak.core/state at line 56 ../../src/oak/core.cljs
notifying browser that file changed:  target/cljs/dev/goog/deps.js
notifying browser that file changed:  target/cljs/dev/cljs_deps.js
notifying browser that file changed:  out/oak/core.js
[32mSuccessfully compiled "target/cljs/dev/mains/main.js" in 0.547 seconds.[0m
[0mCompiling "target/cljs/dev/mains/main.js" from ["ui-src" "../../src"]...
WARNING: Use of undeclared Var oak.core/state at line 56 ../../src/oak/core.cljs
notifying browser that file changed:  out/oak/core.js
[32mSuccessfully compiled "target/cljs/dev/mains/main.js" in 0.353 seconds.[0m
[0mCompiling "target/cljs/dev/mains/main.js" from ["ui-src" "../../src"]...
notifying browser that file changed:  out/oak/core.js
[32mSuccessfully compiled "target/cljs/dev/mains/main.js" in 0.323 seconds.[0m
[0mCompiling "target/cljs/dev/mains/main.js" from ["ui-src" "../../src"]...
notifying browser that file changed:  target/cljs/dev/cljs_deps.js
notifying browser that file changed:  out/todomvc/ui/app.js
[32mSuccessfully compiled "target/cljs/dev/mains/main.js" in 0.16 seconds.[0m
[0mCompiling "target/cljs/dev/mains/main.js" from ["ui-src" "../../src"]...
[31mCompiling "target/cljs/dev/mains/main.js" failed.
[0mERROR: Invalid token: o/ on file /src/james/libraries/oak/examples/todomvc/ui-src/todomvc/ui/app.cljs, line 18, column 37
[32mSuccessfully compiled "target/cljs/dev/mains/main.js" in 0.12 seconds.[0m
[0mCompiling "target/cljs/dev/mains/main.js" from ["ui-src" "../../src"]...
notifying browser that file changed:  target/cljs/dev/cljs_deps.js
notifying browser that file changed:  out/todomvc/ui/app.js
[32mSuccessfully compiled "target/cljs/dev/mains/main.js" in 0.145 seconds.[0m
[0mCompiling "target/cljs/dev/mains/main.js" from ["ui-src" "../../src"]...
notifying browser that file changed:  out/todomvc/ui/app.js
[32mSuccessfully compiled "target/cljs/dev/mains/main.js" in 0.146 seconds.[0m
[0mCompiling "target/cljs/dev/mains/main.js" from ["ui-src" "../../src"]...
notifying browser that file changed:  out/todomvc/ui/app.js
[32mSuccessfully compiled "target/cljs/dev/mains/main.js" in 0.169 seconds.[0m
[0mCompiling "target/cljs/dev/mains/main.js" from ["ui-src" "../../src"]...
notifying browser that file changed:  out/todomvc/ui/app.js
[32mSuccessfully compiled "target/cljs/dev/mains/main.js" in 0.158 seconds.[0m
[0mCompiling "target/cljs/dev/mains/main.js" from ["ui-src" "../../src"]...
notifying browser that file changed:  out/todomvc/ui/app.js
[32mSuccessfully compiled "target/cljs/dev/mains/main.js" in 0.162 seconds.[0m
[0mCompiling "target/cljs/dev/mains/main.js" from ["ui-src" "../../src"]...
notifying browser that file changed:  out/todomvc/ui/app.js
[32mSuccessfully compiled "target/cljs/dev/mains/main.js" in 0.142 seconds.[0m
[0mCompiling "target/cljs/dev/mains/main.js" from ["ui-src" "../../src"]...
notifying browser that file changed:  out/todomvc/ui/app.js
[32mSuccessfully compiled "target/cljs/dev/mains/main.js" in 0.148 seconds.[0m
[0mCompiling "target/cljs/dev/mains/main.js" from ["ui-src" "../../src"]...
notifying browser that file changed:  out/todomvc/ui/app.js
[32mSuccessfully compiled "target/cljs/dev/mains/main.js" in 0.153 seconds.[0m
[0mCompiling "target/cljs/dev/mains/main.js" from ["ui-src" "../../src"]...
notifying browser that file changed:  out/todomvc/ui/app.js
[32mSuccessfully compiled "target/cljs/dev/mains/main.js" in 0.15 seconds.[0m
[0mCompiling "target/cljs/dev/mains/main.js" from ["ui-src" "../../src"]...
notifying browser that file changed:  out/todomvc/ui/app.js
[32mSuccessfully compiled "target/cljs/dev/mains/main.js" in 0.159 seconds.[0m
[0mCompiling "target/cljs/dev/mains/main.js" from ["ui-src" "../../src"]...
notifying browser that file changed:  out/todomvc/ui/app.js
[32mSuccessfully compiled "target/cljs/dev/mains/main.js" in 0.145 seconds.[0m
[0mCompiling "target/cljs/dev/mains/main.js" from ["ui-src" "../../src"]...
notifying browser that file changed:  out/oak/core.js
[32mSuccessfully compiled "target/cljs/dev/mains/main.js" in 0.275 seconds.[0m
[0mCompiling "target/cljs/dev/mains/main.js" from ["ui-src" "../../src"]...
notifying browser that file changed:  out/todomvc/ui/app.js
[32mSuccessfully compiled "target/cljs/dev/mains/main.js" in 0.135 seconds.[0m
[0mCompiling "target/cljs/dev/mains/main.js" from ["ui-src" "../../src"]...
notifying browser that file changed:  out/todomvc/ui/app.js
[32mSuccessfully compiled "target/cljs/dev/mains/main.js" in 0.148 seconds.[0m
[0mCompiling "target/cljs/dev/mains/main.js" from ["ui-src" "../../src"]...
notifying browser that file changed:  out/todomvc/ui/app.js
[32mSuccessfully compiled "target/cljs/dev/mains/main.js" in 0.131 seconds.[0m
[0mCompiling "target/cljs/dev/mains/main.js" from ["ui-src" "../../src"]...
notifying browser that file changed:  out/todomvc/ui/app.js
[32mSuccessfully compiled "target/cljs/dev/mains/main.js" in 0.132 seconds.[0m
[0mCompiling "target/cljs/dev/mains/main.js" from ["ui-src" "../../src"]...
notifying browser that file changed:  out/todomvc/ui/app.js
[32mSuccessfully compiled "target/cljs/dev/mains/main.js" in 0.176 seconds.[0m
[0mCompiling "target/cljs/dev/mains/main.js" from ["ui-src" "../../src"]...
notifying browser that file changed:  out/todomvc/ui/app.js
[32mSuccessfully compiled "target/cljs/dev/mains/main.js" in 0.134 seconds.[0m
[0mCompiling "target/cljs/dev/mains/main.js" from ["ui-src" "../../src"]...
notifying browser that file changed:  out/todomvc/ui/app.js
[32mSuccessfully compiled "target/cljs/dev/mains/main.js" in 0.151 seconds.[0m
[0mCompiling "target/cljs/dev/mains/main.js" from ["ui-src" "../../src"]...
notifying browser that file changed:  out/todomvc/ui/app.js
[32mSuccessfully compiled "target/cljs/dev/mains/main.js" in 0.135 seconds.[0m
[0mCompiling "target/cljs/dev/mains/main.js" from ["ui-src" "../../src"]...
notifying browser that file changed:  out/todomvc/ui/app.js
[32mSuccessfully compiled "target/cljs/dev/mains/main.js" in 0.131 seconds.[0m
[0mCompiling "target/cljs/dev/mains/main.js" from ["ui-src" "../../src"]...
notifying browser that file changed:  out/oak/core.js
[32mSuccessfully compiled "target/cljs/dev/mains/main.js" in 0.26 seconds.[0m
[0mCompiling "target/cljs/dev/mains/main.js" from ["ui-src" "../../src"]...
[31mCompiling "target/cljs/dev/mains/main.js" failed.
[0mERROR: Map literal must contain an even number of forms on file /src/james/libraries/oak/examples/todomvc/ui-src/todomvc/ui/app.cljs, line 25, column 41
[32mSuccessfully compiled "target/cljs/dev/mains/main.js" in 0.107 seconds.[0m
[0mCompiling "target/cljs/dev/mains/main.js" from ["ui-src" "../../src"]...
WARNING: Use of undeclared Var oak.core/with-cmd at line 23 ui-src/todomvc/ui/app.cljs
WARNING: Wrong number of args (0) passed to oak.core/ev at line 24 ui-src/todomvc/ui/app.cljs
notifying browser that file changed:  target/cljs/dev/cljs_deps.js
notifying browser that file changed:  out/todomvc/ui/app.js
[32mSuccessfully compiled "target/cljs/dev/mains/main.js" in 0.217 seconds.[0m
[0mCompiling "target/cljs/dev/mains/main.js" from ["ui-src" "../../src"]...
WARNING: Use of undeclared Var oak.core/with-cmd at line 23 ui-src/todomvc/ui/app.cljs
notifying browser that file changed:  out/todomvc/ui/app.js
[32mSuccessfully compiled "target/cljs/dev/mains/main.js" in 0.175 seconds.[0m
[0mCompiling "target/cljs/dev/mains/main.js" from ["ui-src" "../../src"]...
WARNING: Use of undeclared Var oak.core/with-cmd at line 23 ui-src/todomvc/ui/app.cljs
notifying browser that file changed:  out/todomvc/ui/app.js
[32mSuccessfully compiled "target/cljs/dev/mains/main.js" in 0.184 seconds.[0m
[0mCompiling "target/cljs/dev/mains/main.js" from ["ui-src" "../../src"]...
WARNING: Use of undeclared Var oak.core/with-cmd at line 23 ui-src/todomvc/ui/app.cljs
notifying browser that file changed:  out/oak/core.js
[32mSuccessfully compiled "target/cljs/dev/mains/main.js" in 0.345 seconds.[0m
[0mCompiling "target/cljs/dev/mains/main.js" from ["ui-src" "../../src"]...
WARNING: Use of undeclared Var oak.core/with-cmd at line 23 ui-src/todomvc/ui/app.cljs
notifying browser that file changed:  out/oak/core.js
[32mSuccessfully compiled "target/cljs/dev/mains/main.js" in 0.356 seconds.[0m
[0mCompiling "target/cljs/dev/mains/main.js" from ["ui-src" "../../src"]...
notifying browser that file changed:  out/todomvc/ui/app.js
[32mSuccessfully compiled "target/cljs/dev/mains/main.js" in 0.167 seconds.[0m
[0mCompiling "target/cljs/dev/mains/main.js" from ["ui-src" "../../src"]...
notifying browser that file changed:  out/oak/core.js
[32mSuccessfully compiled "target/cljs/dev/mains/main.js" in 0.298 seconds.[0m
[0mCompiling "target/cljs/dev/mains/main.js" from ["ui-src" "../../src"]...
notifying browser that file changed:  target/cljs/dev/cljs_deps.js
notifying browser that file changed:  out/oak/core.js
[32mSuccessfully compiled "target/cljs/dev/mains/main.js" in 0.295 seconds.[0m
[0mCompiling "target/cljs/dev/mains/main.js" from ["ui-src" "../../src"]...
notifying browser that file changed:  out/oak/core.js
[32mSuccessfully compiled "target/cljs/dev/mains/main.js" in 0.303 seconds.[0m
[0mCompiling "target/cljs/dev/mains/main.js" from ["ui-src" "../../src"]...
WARNING: Wrong number of args (0) passed to oak.core/-send! at line 42 ../../src/oak/core.cljs
WARNING: Wrong number of args (0) passed to oak.core/-send! at line 42 ../../src/oak/core.cljs
notifying browser that file changed:  out/oak/core.js
[32mSuccessfully compiled "target/cljs/dev/mains/main.js" in 0.372 seconds.[0m
[0mCompiling "target/cljs/dev/mains/main.js" from ["ui-src" "../../src"]...
WARNING: Wrong number of args (0) passed to oak.core/-send! at line 42 ../../src/oak/core.cljs
WARNING: Wrong number of args (0) passed to oak.core/-send! at line 42 ../../src/oak/core.cljs
notifying browser that file changed:  out/oak/core.js
[32mSuccessfully compiled "target/cljs/dev/mains/main.js" in 0.356 seconds.[0m
[0mCompiling "target/cljs/dev/mains/main.js" from ["ui-src" "../../src"]...
notifying browser that file changed:  out/oak/core.js
[32mSuccessfully compiled "target/cljs/dev/mains/main.js" in 0.328 seconds.[0m
[0mCompiling "target/cljs/dev/mains/main.js" from ["ui-src" "../../src"]...
notifying browser that file changed:  out/oak/core.js
[32mSuccessfully compiled "target/cljs/dev/mains/main.js" in 0.331 seconds.[0m
[0mCompiling "target/cljs/dev/mains/main.js" from ["ui-src" "../../src"]...
notifying browser that file changed:  out/oak/core.js
[32mSuccessfully compiled "target/cljs/dev/mains/main.js" in 0.352 seconds.[0m
[0mCompiling "target/cljs/dev/mains/main.js" from ["ui-src" "../../src"]...
WARNING: Bad method signature in protocol implementation, IContext does not declare method called send! at line 31 ../../src/oak/core.cljs
WARNING: Bad method signature in protocol implementation, IContext does not declare method called nest at line 31 ../../src/oak/core.cljs
notifying browser that file changed:  out/oak/core.js
[32mSuccessfully compiled "target/cljs/dev/mains/main.js" in 0.375 seconds.[0m
[0mCompiling "target/cljs/dev/mains/main.js" from ["ui-src" "../../src"]...
notifying browser that file changed:  out/oak/core.js
[32mSuccessfully compiled "target/cljs/dev/mains/main.js" in 0.366 seconds.[0m
[0mCompiling "target/cljs/dev/mains/main.js" from ["ui-src" "../../src"]...
notifying browser that file changed:  out/oak/core.js
[32mSuccessfully compiled "target/cljs/dev/mains/main.js" in 0.352 seconds.[0m
[0mCompiling "target/cljs/dev/mains/main.js" from ["ui-src" "../../src"]...
notifying browser that file changed:  out/oak/core.js
[32mSuccessfully compiled "target/cljs/dev/mains/main.js" in 0.352 seconds.[0m
[0mCompiling "target/cljs/dev/mains/main.js" from ["ui-src" "../../src"]...
notifying browser that file changed:  out/oak/core.js
[32mSuccessfully compiled "target/cljs/dev/mains/main.js" in 0.327 seconds.[0m
[0mCompiling "target/cljs/dev/mains/main.js" from ["ui-src" "../../src"]...
notifying browser that file changed:  out/oak/core.js
[32mSuccessfully compiled "target/cljs/dev/mains/main.js" in 0.342 seconds.[0m
[0mCompiling "target/cljs/dev/mains/main.js" from ["ui-src" "../../src"]...
notifying browser that file changed:  out/todomvc/ui/app.js
[32mSuccessfully compiled "target/cljs/dev/mains/main.js" in 0.164 seconds.[0m
[0mCompiling "target/cljs/dev/mains/main.js" from ["ui-src" "../../src"]...
notifying browser that file changed:  out/oak/core.js
[32mSuccessfully compiled "target/cljs/dev/mains/main.js" in 0.321 seconds.[0m
[0mCompiling "target/cljs/dev/mains/main.js" from ["ui-src" "../../src"]...
notifying browser that file changed:  out/oak/core.js
[32mSuccessfully compiled "target/cljs/dev/mains/main.js" in 0.366 seconds.[0m
[0mCompiling "target/cljs/dev/mains/main.js" from ["ui-src" "../../src"]...
notifying browser that file changed:  out/oak/core.js
[32mSuccessfully compiled "target/cljs/dev/mains/main.js" in 0.333 seconds.[0m
[0mCompiling "target/cljs/dev/mains/main.js" from ["ui-src" "../../src"]...
notifying browser that file changed:  out/oak/core.js
[32mSuccessfully compiled "target/cljs/dev/mains/main.js" in 0.329 seconds.[0m
[0mCompiling "target/cljs/dev/mains/main.js" from ["ui-src" "../../src"]...
notifying browser that file changed:  out/oak/core.js
[32mSuccessfully compiled "target/cljs/dev/mains/main.js" in 0.356 seconds.[0m
